<?xml version="1.0" encoding="UTF-8"?>
<!-- Generated by org.testng.reporters.JUnitReportReporter -->
<testsuite hostname="asda1772po02529" name="com.qainfotech.cucumber.GoogleSheetAutoSample_Hris.Runner" tests="1" failures="0" timestamp="17 Jul 2018 03:57:34 GMT" time="13.042" errors="0">
  <testcase name="feature" time="13.042" classname="com.qainfotech.cucumber.GoogleSheetAutoSample_Hris.Runner"/>
</testsuite> <!-- com.qainfotech.cucumber.GoogleSheetAutoSample_Hris.Runner -->
